libs/config/checks/architecture/32.cpp:9:36: error: narrowing conversion of ‘-1’ from ‘int’ to ‘long unsigned int’ [-Wnarrowing]
    9 | int test[sizeof(void*) == 4? 1 : -1];
      |                                    ^
libs/config/checks/architecture/32.cpp:9:28: error: size ‘-1’ of array ‘test’ is negative
    9 | int test[sizeof(void*) == 4? 1 : -1];
      |          ~~~~~~~~~~~~~~~~~~^~~~~~~~
...failed updating 1 target...
libs/config/checks/architecture/arm.cpp:13:2: error: #error "Not ARM"
   13 | #error "Not ARM"
      |  ^~~~~
...failed updating 1 target...
libs/config/checks/architecture/mips1.cpp:10:2: error: #error "Not MIPS1"
   10 | #error "Not MIPS1"
      |  ^~~~~
...failed updating 1 target...
libs/config/checks/architecture/power.cpp:13:2: error: #error "Not PPC"
   13 | #error "Not PPC"
      |  ^~~~~
...failed updating 1 target...
libs/config/checks/architecture/riscv.cpp:9:2: error: #error "Not RISC-V"
    9 | #error "Not RISC-V"
      |  ^~~~~
...failed updating 1 target...
libs/config/checks/architecture/s390x.cpp:10:2: error: #error "Not S390x"
   10 | #error "Not S390x"
      |  ^~~~~
...failed updating 1 target...
libs/config/checks/architecture/sparc.cpp:10:2: error: #error "Not SPARC"
   10 | #error "Not SPARC"
      |  ^~~~~
...failed updating 1 target...
libs/filesystem/config/has_cxx20_atomic_ref.cpp: In function ‘int main()’:
libs/filesystem/config/has_cxx20_atomic_ref.cpp:15:10: error: ‘atomic_ref’ is not a member of ‘std’; did you mean ‘atomic_int’?
   15 |     std::atomic_ref< func_t* > ref(func);
      |          ^~~~~~~~~~
      |          atomic_int
libs/filesystem/config/has_cxx20_atomic_ref.cpp:15:28: error: expected primary-expression before ‘*’ token
   15 |     std::atomic_ref< func_t* > ref(func);
      |                            ^
libs/filesystem/config/has_cxx20_atomic_ref.cpp:15:30: error: expected primary-expression before ‘>’ token
   15 |     std::atomic_ref< func_t* > ref(func);
      |                              ^
libs/filesystem/config/has_cxx20_atomic_ref.cpp:15:32: error: ‘ref’ was not declared in this scope
   15 |     std::atomic_ref< func_t* > ref(func);
      |                                ^~~
...failed updating 1 target...
libs/filesystem/config/has_stat_st_mtimensec.cpp: In function ‘int main()’:
libs/filesystem/config/has_stat_st_mtimensec.cpp:17:8: error: ‘struct stat’ has no member named ‘st_mtimensec’
   17 |     st.st_mtimensec = 10;
      |        ^~~~~~~~~~~~
...failed updating 1 target...
libs/filesystem/config/has_stat_st_mtimespec.cpp: In function ‘int main()’:
libs/filesystem/config/has_stat_st_mtimespec.cpp:17:8: error: ‘struct stat’ has no member named ‘st_mtimespec’
   17 |     st.st_mtimespec.tv_nsec = 10;
      |        ^~~~~~~~~~~~
...failed updating 1 target...
libs/filesystem/config/has_stat_st_birthtim.cpp: In function ‘int main()’:
libs/filesystem/config/has_stat_st_birthtim.cpp:17:8: error: ‘struct stat’ has no member named ‘st_birthtim’
   17 |     st.st_birthtim.tv_sec = 1;
      |        ^~~~~~~~~~~
libs/filesystem/config/has_stat_st_birthtim.cpp:18:8: error: ‘struct stat’ has no member named ‘st_birthtim’
   18 |     st.st_birthtim.tv_nsec = 10;
      |        ^~~~~~~~~~~
...failed updating 1 target...
libs/filesystem/config/has_stat_st_birthtimensec.cpp: In function ‘int main()’:
libs/filesystem/config/has_stat_st_birthtimensec.cpp:17:8: error: ‘struct stat’ has no member named ‘st_birthtime’
   17 |     st.st_birthtime = 1;
      |        ^~~~~~~~~~~~
libs/filesystem/config/has_stat_st_birthtimensec.cpp:18:8: error: ‘struct stat’ has no member named ‘st_birthtimensec’
   18 |     st.st_birthtimensec = 10;
      |        ^~~~~~~~~~~~~~~~
...failed updating 1 target...
libs/filesystem/config/has_stat_st_birthtimespec.cpp: In function ‘int main()’:
libs/filesystem/config/has_stat_st_birthtimespec.cpp:17:8: error: ‘struct stat’ has no member named ‘st_birthtimespec’
   17 |     st.st_birthtimespec.tv_sec = 1;
      |        ^~~~~~~~~~~~~~~~
libs/filesystem/config/has_stat_st_birthtimespec.cpp:18:8: error: ‘struct stat’ has no member named ‘st_birthtimespec’
   18 |     st.st_birthtimespec.tv_nsec = 10;
      |        ^~~~~~~~~~~~~~~~
...failed updating 1 target...
libs/regex/build/has_icu_test.cpp:12:10: fatal error: unicode/uversion.h: No such file or directory
   12 | #include <unicode/uversion.h>
      |          ^~~~~~~~~~~~~~~~~~~~
compilation terminated.
...skipped <p/opt/.conan/data/boost/1.79.0/_/_/build/e36533c3adc7518f2f6c7190ae26e1e27c0cb0d7/boost/bin.v2/libs/regex/build/gcc-9/rls/nm-on/thrd-mlt/vsblt-hdn>has_icu for lack of <p/opt/.conan/data/boost/1.79.0/_/_/build/e36533c3adc7518f2f6c7190ae26e1e27c0cb0d7/boost/bin.v2/libs/regex/build/gcc-9/rls/nm-on/thrd-mlt/vsblt-hdn>has_icu_test.o...
...failed updating 1 target...
libs/stacktrace/build/has_windbg.cpp:8:10: fatal error: windows.h: No such file or directory
    8 | #include <windows.h>
      |          ^~~~~~~~~~~
compilation terminated.
...skipped <p/opt/.conan/data/boost/1.79.0/_/_/build/e36533c3adc7518f2f6c7190ae26e1e27c0cb0d7/boost/bin.v2/libs/stacktrace/build/gcc-9/rls/nm-on/thrd-mlt/vsblt-hdn>WinDbg_exe for lack of <p/opt/.conan/data/boost/1.79.0/_/_/build/e36533c3adc7518f2f6c7190ae26e1e27c0cb0d7/boost/bin.v2/libs/stacktrace/build/gcc-9/rls/nm-on/thrd-mlt/vsblt-hdn>has_windbg.o...
...skipped <p/opt/.conan/data/boost/1.79.0/_/_/build/e36533c3adc7518f2f6c7190ae26e1e27c0cb0d7/boost/bin.v2/libs/stacktrace/build/gcc-9/rls/nm-on/thrd-mlt/vsblt-hdn>WinDbg.output for lack of <p/opt/.conan/data/boost/1.79.0/_/_/build/e36533c3adc7518f2f6c7190ae26e1e27c0cb0d7/boost/bin.v2/libs/stacktrace/build/gcc-9/rls/nm-on/thrd-mlt/vsblt-hdn>WinDbg_exe...
...failed updating 1 target...
libs/stacktrace/build/has_windbg_cached.cpp:11:10: fatal error: windows.h: No such file or directory
   11 | #include <windows.h>
      |          ^~~~~~~~~~~
compilation terminated.
...skipped <p/opt/.conan/data/boost/1.79.0/_/_/build/e36533c3adc7518f2f6c7190ae26e1e27c0cb0d7/boost/bin.v2/libs/stacktrace/build/gcc-9/rls/nm-on/thrd-mlt/vsblt-hdn>WinDbgCached_exe for lack of <p/opt/.conan/data/boost/1.79.0/_/_/build/e36533c3adc7518f2f6c7190ae26e1e27c0cb0d7/boost/bin.v2/libs/stacktrace/build/gcc-9/rls/nm-on/thrd-mlt/vsblt-hdn>has_windbg_cached.o...
...skipped <p/opt/.conan/data/boost/1.79.0/_/_/build/e36533c3adc7518f2f6c7190ae26e1e27c0cb0d7/boost/bin.v2/libs/stacktrace/build/gcc-9/rls/nm-on/thrd-mlt/vsblt-hdn>WinDbgCached.output for lack of <p/opt/.conan/data/boost/1.79.0/_/_/build/e36533c3adc7518f2f6c7190ae26e1e27c0cb0d7/boost/bin.v2/libs/stacktrace/build/gcc-9/rls/nm-on/thrd-mlt/vsblt-hdn>WinDbgCached_exe...
...failed updating 1 target...
